<?xml version="1.0" encoding="UTF-8"?>
<testng-results ignored="0" total="1" passed="1" failed="0" skipped="0">
  <reporter-output>
  </reporter-output>
  <suite started-at="2022-01-14T17:14:03Z" name="Suite" finished-at="2022-01-14T17:14:06Z" duration-ms="3328">
    <groups>
    </groups>
    <test started-at="2022-01-14T17:14:03Z" name="Test" finished-at="2022-01-14T17:14:06Z" duration-ms="3328">
      <class name="com.training.test.LoginTest">
        <test-method is-config="true" signature="setup()[pri:0, instance:com.training.test.LoginTest@3eb81efb]" started-at="2022-01-14T17:14:03Z" name="setup" finished-at="2022-01-14T17:14:06Z" duration-ms="3006" status="PASS">
          <reporter-output>
          </reporter-output>
        </test-method> <!-- setup -->
        <test-method signature="test()[pri:0, instance:com.training.test.LoginTest@3eb81efb]" started-at="2022-01-14T17:14:06Z" name="test" finished-at="2022-01-14T17:14:06Z" duration-ms="292" status="PASS">
          <reporter-output>
          </reporter-output>
        </test-method> <!-- test -->
        <test-method is-config="true" signature="setUp()[pri:0, instance:com.training.test.LoginTest@3eb81efb]" started-at="2022-01-14T17:14:06Z" name="setUp" finished-at="2022-01-14T17:14:06Z" duration-ms="0" status="PASS">
          <reporter-output>
          </reporter-output>
        </test-method> <!-- setUp -->
      </class> <!-- com.training.test.LoginTest -->
    </test> <!-- Test -->
  </suite> <!-- Suite -->
</testng-results>
